<?xml version="1.0" encoding="UTF-8"?>
<!-- Generated by org.testng.reporters.JUnitXMLReporter -->
<testsuite hostname="DESKTOP-CS50U47" ignored="90" name="EmployeesPageTest(failed)" tests="6" failures="6" timestamp="11 Nov 2019 08:18:37 GMT" time="48.884" errors="0">
  <testcase name="employee_AddAttachmentInEmployee" time="9.233" classname="com.Msite.TestScripts.EmployeesPageTest">
    <failure type="org.openqa.selenium.ElementClickInterceptedException" message="element click intercepted: Element &amp;lt;input class=&amp;quot;checkbox-inline&amp;quot; data-val=&amp;quot;true&amp;quot; data-val-required=&amp;quot;The Include Non-Associated Employees field is required.&amp;quot; id=&amp;quot;IncludeNonAssociatedEmployees&amp;quot; name=&amp;quot;IncludeNonAssociatedEmployees&amp;quot; type=&amp;quot;checkbox&amp;quot; value=&amp;quot;true&amp;quot;&amp;gt; is not clickable at point (570, 585). Other element would receive the click: &amp;lt;span class=&amp;quot;cookiesText&amp;quot;&amp;gt;...&amp;lt;/span&amp;gt;
  (Session info: chrome=77.0.3865.120)
Build info: version: &amp;apos;3.141.59&amp;apos;, revision: &amp;apos;e82be7d358&amp;apos;, time: &amp;apos;2018-11-14T08:17:03&amp;apos;
System info: host: &amp;apos;DESKTOP-CS50U47&amp;apos;, ip: &amp;apos;192.168.0.127&amp;apos;, os.name: &amp;apos;Windows 10&amp;apos;, os.arch: &amp;apos;amd64&amp;apos;, os.version: &amp;apos;10.0&amp;apos;, java.version: &amp;apos;1.8.0_211&amp;apos;
Driver info: org.openqa.selenium.chrome.ChromeDriver
Capabilities {acceptInsecureCerts: false, browserName: chrome, browserVersion: 77.0.3865.120, chrome: {chromedriverVersion: 77.0.3865.40 (f484704e052e0..., userDataDir: C:\Users\ADMIN\AppData\Loca...}, goog:chromeOptions: {debuggerAddress: localhost:55246}, javascriptEnabled: true, networkConnectionEnabled: false, pageLoadStrategy: normal, platform: XP, platformName: XP, proxy: Proxy(), setWindowRect: true, strictFileInteractability: false, timeouts: {implicit: 0, pageLoad: 300000, script: 30000}, unhandledPromptBehavior: dismiss and notify}
Session ID: b6c9856b2a0ff2c53fedcddf28242b97">
      <![CDATA[org.openqa.selenium.ElementClickInterceptedException: element click intercepted: Element <input class="checkbox-inline" data-val="true" data-val-required="The Include Non-Associated Employees field is required." id="IncludeNonAssociatedEmployees" name="IncludeNonAssociatedEmployees" type="checkbox" value="true"> is not clickable at point (570, 585). Other element would receive the click: <span class="cookiesText">...</span>
  (Session info: chrome=77.0.3865.120)
Build info: version: '3.141.59', revision: 'e82be7d358', time: '2018-11-14T08:17:03'
System info: host: 'DESKTOP-CS50U47', ip: '192.168.0.127', os.name: 'Windows 10', os.arch: 'amd64', os.version: '10.0', java.version: '1.8.0_211'
Driver info: org.openqa.selenium.chrome.ChromeDriver
Capabilities {acceptInsecureCerts: false, browserName: chrome, browserVersion: 77.0.3865.120, chrome: {chromedriverVersion: 77.0.3865.40 (f484704e052e0..., userDataDir: C:\Users\ADMIN\AppData\Loca...}, goog:chromeOptions: {debuggerAddress: localhost:55246}, javascriptEnabled: true, networkConnectionEnabled: false, pageLoadStrategy: normal, platform: XP, platformName: XP, proxy: Proxy(), setWindowRect: true, strictFileInteractability: false, timeouts: {implicit: 0, pageLoad: 300000, script: 30000}, unhandledPromptBehavior: dismiss and notify}
Session ID: b6c9856b2a0ff2c53fedcddf28242b97
at org.openqa.selenium.remote.http.W3CHttpResponseCodec.createException(W3CHttpResponseCodec.java:187)
at org.openqa.selenium.remote.http.W3CHttpResponseCodec.decode(W3CHttpResponseCodec.java:122)
at org.openqa.selenium.remote.http.W3CHttpResponseCodec.decode(W3CHttpResponseCodec.java:49)
at org.openqa.selenium.remote.HttpCommandExecutor.execute(HttpCommandExecutor.java:158)
at org.openqa.selenium.remote.service.DriverCommandExecutor.execute(DriverCommandExecutor.java:83)
at org.openqa.selenium.remote.RemoteWebDriver.execute(RemoteWebDriver.java:552)
at org.openqa.selenium.remote.RemoteWebElement.execute(RemoteWebElement.java:285)
at org.openqa.selenium.remote.RemoteWebElement.click(RemoteWebElement.java:84)
at com.Msite.Pages.EmployeesPage.browseEmployee_Search(EmployeesPage.java:388)
at com.Msite.Pages.EmployeesPage.employee_Open_Edit_NeworExistingEmployee(EmployeesPage.java:1174)
at com.Msite.TestScripts.EmployeesPageTest.employee_AddAttachmentInEmployee(EmployeesPageTest.java:1280)
... Removed 29 stack frames]]>
    </failure>
  </testcase> <!-- employee_AddAttachmentInEmployee -->
  <testcase name="employee_EditAttachmentInEmployee" time="2.044" classname="com.Msite.TestScripts.EmployeesPageTest">
    <failure type="org.openqa.selenium.ElementClickInterceptedException" message="element click intercepted: Element &amp;lt;input class=&amp;quot;checkbox-inline&amp;quot; data-val=&amp;quot;true&amp;quot; data-val-required=&amp;quot;The Include Non-Associated Employees field is required.&amp;quot; id=&amp;quot;IncludeNonAssociatedEmployees&amp;quot; name=&amp;quot;IncludeNonAssociatedEmployees&amp;quot; type=&amp;quot;checkbox&amp;quot; value=&amp;quot;true&amp;quot;&amp;gt; is not clickable at point (570, 585). Other element would receive the click: &amp;lt;span class=&amp;quot;cookiesText&amp;quot;&amp;gt;...&amp;lt;/span&amp;gt;
  (Session info: chrome=77.0.3865.120)
Build info: version: &amp;apos;3.141.59&amp;apos;, revision: &amp;apos;e82be7d358&amp;apos;, time: &amp;apos;2018-11-14T08:17:03&amp;apos;
System info: host: &amp;apos;DESKTOP-CS50U47&amp;apos;, ip: &amp;apos;192.168.0.127&amp;apos;, os.name: &amp;apos;Windows 10&amp;apos;, os.arch: &amp;apos;amd64&amp;apos;, os.version: &amp;apos;10.0&amp;apos;, java.version: &amp;apos;1.8.0_211&amp;apos;
Driver info: org.openqa.selenium.chrome.ChromeDriver
Capabilities {acceptInsecureCerts: false, browserName: chrome, browserVersion: 77.0.3865.120, chrome: {chromedriverVersion: 77.0.3865.40 (f484704e052e0..., userDataDir: C:\Users\ADMIN\AppData\Loca...}, goog:chromeOptions: {debuggerAddress: localhost:55246}, javascriptEnabled: true, networkConnectionEnabled: false, pageLoadStrategy: normal, platform: XP, platformName: XP, proxy: Proxy(), setWindowRect: true, strictFileInteractability: false, timeouts: {implicit: 0, pageLoad: 300000, script: 30000}, unhandledPromptBehavior: dismiss and notify}
Session ID: b6c9856b2a0ff2c53fedcddf28242b97">
      <![CDATA[org.openqa.selenium.ElementClickInterceptedException: element click intercepted: Element <input class="checkbox-inline" data-val="true" data-val-required="The Include Non-Associated Employees field is required." id="IncludeNonAssociatedEmployees" name="IncludeNonAssociatedEmployees" type="checkbox" value="true"> is not clickable at point (570, 585). Other element would receive the click: <span class="cookiesText">...</span>
  (Session info: chrome=77.0.3865.120)
Build info: version: '3.141.59', revision: 'e82be7d358', time: '2018-11-14T08:17:03'
System info: host: 'DESKTOP-CS50U47', ip: '192.168.0.127', os.name: 'Windows 10', os.arch: 'amd64', os.version: '10.0', java.version: '1.8.0_211'
Driver info: org.openqa.selenium.chrome.ChromeDriver
Capabilities {acceptInsecureCerts: false, browserName: chrome, browserVersion: 77.0.3865.120, chrome: {chromedriverVersion: 77.0.3865.40 (f484704e052e0..., userDataDir: C:\Users\ADMIN\AppData\Loca...}, goog:chromeOptions: {debuggerAddress: localhost:55246}, javascriptEnabled: true, networkConnectionEnabled: false, pageLoadStrategy: normal, platform: XP, platformName: XP, proxy: Proxy(), setWindowRect: true, strictFileInteractability: false, timeouts: {implicit: 0, pageLoad: 300000, script: 30000}, unhandledPromptBehavior: dismiss and notify}
Session ID: b6c9856b2a0ff2c53fedcddf28242b97
at org.openqa.selenium.remote.http.W3CHttpResponseCodec.createException(W3CHttpResponseCodec.java:187)
at org.openqa.selenium.remote.http.W3CHttpResponseCodec.decode(W3CHttpResponseCodec.java:122)
at org.openqa.selenium.remote.http.W3CHttpResponseCodec.decode(W3CHttpResponseCodec.java:49)
at org.openqa.selenium.remote.HttpCommandExecutor.execute(HttpCommandExecutor.java:158)
at org.openqa.selenium.remote.service.DriverCommandExecutor.execute(DriverCommandExecutor.java:83)
at org.openqa.selenium.remote.RemoteWebDriver.execute(RemoteWebDriver.java:552)
at org.openqa.selenium.remote.RemoteWebElement.execute(RemoteWebElement.java:285)
at org.openqa.selenium.remote.RemoteWebElement.click(RemoteWebElement.java:84)
at com.Msite.Pages.EmployeesPage.browseEmployee_Search(EmployeesPage.java:388)
at com.Msite.Pages.EmployeesPage.employee_Open_Edit_NeworExistingEmployee(EmployeesPage.java:1174)
at com.Msite.TestScripts.EmployeesPageTest.employee_EditAttachmentInEmployee(EmployeesPageTest.java:1294)
... Removed 29 stack frames]]>
    </failure>
  </testcase> <!-- employee_EditAttachmentInEmployee -->
  <testcase name="employee_Cancel_AttachmentInEmployee" time="2.186" classname="com.Msite.TestScripts.EmployeesPageTest">
    <failure type="org.openqa.selenium.ElementClickInterceptedException" message="element click intercepted: Element &amp;lt;input class=&amp;quot;checkbox-inline&amp;quot; data-val=&amp;quot;true&amp;quot; data-val-required=&amp;quot;The Include Non-Associated Employees field is required.&amp;quot; id=&amp;quot;IncludeNonAssociatedEmployees&amp;quot; name=&amp;quot;IncludeNonAssociatedEmployees&amp;quot; type=&amp;quot;checkbox&amp;quot; value=&amp;quot;true&amp;quot;&amp;gt; is not clickable at point (570, 585). Other element would receive the click: &amp;lt;span class=&amp;quot;cookiesText&amp;quot;&amp;gt;...&amp;lt;/span&amp;gt;
  (Session info: chrome=77.0.3865.120)
Build info: version: &amp;apos;3.141.59&amp;apos;, revision: &amp;apos;e82be7d358&amp;apos;, time: &amp;apos;2018-11-14T08:17:03&amp;apos;
System info: host: &amp;apos;DESKTOP-CS50U47&amp;apos;, ip: &amp;apos;192.168.0.127&amp;apos;, os.name: &amp;apos;Windows 10&amp;apos;, os.arch: &amp;apos;amd64&amp;apos;, os.version: &amp;apos;10.0&amp;apos;, java.version: &amp;apos;1.8.0_211&amp;apos;
Driver info: org.openqa.selenium.chrome.ChromeDriver
Capabilities {acceptInsecureCerts: false, browserName: chrome, browserVersion: 77.0.3865.120, chrome: {chromedriverVersion: 77.0.3865.40 (f484704e052e0..., userDataDir: C:\Users\ADMIN\AppData\Loca...}, goog:chromeOptions: {debuggerAddress: localhost:55246}, javascriptEnabled: true, networkConnectionEnabled: false, pageLoadStrategy: normal, platform: XP, platformName: XP, proxy: Proxy(), setWindowRect: true, strictFileInteractability: false, timeouts: {implicit: 0, pageLoad: 300000, script: 30000}, unhandledPromptBehavior: dismiss and notify}
Session ID: b6c9856b2a0ff2c53fedcddf28242b97">
      <![CDATA[org.openqa.selenium.ElementClickInterceptedException: element click intercepted: Element <input class="checkbox-inline" data-val="true" data-val-required="The Include Non-Associated Employees field is required." id="IncludeNonAssociatedEmployees" name="IncludeNonAssociatedEmployees" type="checkbox" value="true"> is not clickable at point (570, 585). Other element would receive the click: <span class="cookiesText">...</span>
  (Session info: chrome=77.0.3865.120)
Build info: version: '3.141.59', revision: 'e82be7d358', time: '2018-11-14T08:17:03'
System info: host: 'DESKTOP-CS50U47', ip: '192.168.0.127', os.name: 'Windows 10', os.arch: 'amd64', os.version: '10.0', java.version: '1.8.0_211'
Driver info: org.openqa.selenium.chrome.ChromeDriver
Capabilities {acceptInsecureCerts: false, browserName: chrome, browserVersion: 77.0.3865.120, chrome: {chromedriverVersion: 77.0.3865.40 (f484704e052e0..., userDataDir: C:\Users\ADMIN\AppData\Loca...}, goog:chromeOptions: {debuggerAddress: localhost:55246}, javascriptEnabled: true, networkConnectionEnabled: false, pageLoadStrategy: normal, platform: XP, platformName: XP, proxy: Proxy(), setWindowRect: true, strictFileInteractability: false, timeouts: {implicit: 0, pageLoad: 300000, script: 30000}, unhandledPromptBehavior: dismiss and notify}
Session ID: b6c9856b2a0ff2c53fedcddf28242b97
at org.openqa.selenium.remote.http.W3CHttpResponseCodec.createException(W3CHttpResponseCodec.java:187)
at org.openqa.selenium.remote.http.W3CHttpResponseCodec.decode(W3CHttpResponseCodec.java:122)
at org.openqa.selenium.remote.http.W3CHttpResponseCodec.decode(W3CHttpResponseCodec.java:49)
at org.openqa.selenium.remote.HttpCommandExecutor.execute(HttpCommandExecutor.java:158)
at org.openqa.selenium.remote.service.DriverCommandExecutor.execute(DriverCommandExecutor.java:83)
at org.openqa.selenium.remote.RemoteWebDriver.execute(RemoteWebDriver.java:552)
at org.openqa.selenium.remote.RemoteWebElement.execute(RemoteWebElement.java:285)
at org.openqa.selenium.remote.RemoteWebElement.click(RemoteWebElement.java:84)
at com.Msite.Pages.EmployeesPage.browseEmployee_Search(EmployeesPage.java:388)
at com.Msite.Pages.EmployeesPage.employee_Open_Edit_NeworExistingEmployee(EmployeesPage.java:1174)
at com.Msite.TestScripts.EmployeesPageTest.employee_Cancel_AttachmentInEmployee(EmployeesPageTest.java:1308)
... Removed 29 stack frames]]>
    </failure>
  </testcase> <!-- employee_Cancel_AttachmentInEmployee -->
  <testcase name="employee_Delete_AttachmentInEmployee" time="2.192" classname="com.Msite.TestScripts.EmployeesPageTest">
    <failure type="org.openqa.selenium.ElementClickInterceptedException" message="element click intercepted: Element &amp;lt;input class=&amp;quot;checkbox-inline&amp;quot; data-val=&amp;quot;true&amp;quot; data-val-required=&amp;quot;The Include Non-Associated Employees field is required.&amp;quot; id=&amp;quot;IncludeNonAssociatedEmployees&amp;quot; name=&amp;quot;IncludeNonAssociatedEmployees&amp;quot; type=&amp;quot;checkbox&amp;quot; value=&amp;quot;true&amp;quot;&amp;gt; is not clickable at point (570, 585). Other element would receive the click: &amp;lt;span class=&amp;quot;cookiesText&amp;quot;&amp;gt;...&amp;lt;/span&amp;gt;
  (Session info: chrome=77.0.3865.120)
Build info: version: &amp;apos;3.141.59&amp;apos;, revision: &amp;apos;e82be7d358&amp;apos;, time: &amp;apos;2018-11-14T08:17:03&amp;apos;
System info: host: &amp;apos;DESKTOP-CS50U47&amp;apos;, ip: &amp;apos;192.168.0.127&amp;apos;, os.name: &amp;apos;Windows 10&amp;apos;, os.arch: &amp;apos;amd64&amp;apos;, os.version: &amp;apos;10.0&amp;apos;, java.version: &amp;apos;1.8.0_211&amp;apos;
Driver info: org.openqa.selenium.chrome.ChromeDriver
Capabilities {acceptInsecureCerts: false, browserName: chrome, browserVersion: 77.0.3865.120, chrome: {chromedriverVersion: 77.0.3865.40 (f484704e052e0..., userDataDir: C:\Users\ADMIN\AppData\Loca...}, goog:chromeOptions: {debuggerAddress: localhost:55246}, javascriptEnabled: true, networkConnectionEnabled: false, pageLoadStrategy: normal, platform: XP, platformName: XP, proxy: Proxy(), setWindowRect: true, strictFileInteractability: false, timeouts: {implicit: 0, pageLoad: 300000, script: 30000}, unhandledPromptBehavior: dismiss and notify}
Session ID: b6c9856b2a0ff2c53fedcddf28242b97">
      <![CDATA[org.openqa.selenium.ElementClickInterceptedException: element click intercepted: Element <input class="checkbox-inline" data-val="true" data-val-required="The Include Non-Associated Employees field is required." id="IncludeNonAssociatedEmployees" name="IncludeNonAssociatedEmployees" type="checkbox" value="true"> is not clickable at point (570, 585). Other element would receive the click: <span class="cookiesText">...</span>
  (Session info: chrome=77.0.3865.120)
Build info: version: '3.141.59', revision: 'e82be7d358', time: '2018-11-14T08:17:03'
System info: host: 'DESKTOP-CS50U47', ip: '192.168.0.127', os.name: 'Windows 10', os.arch: 'amd64', os.version: '10.0', java.version: '1.8.0_211'
Driver info: org.openqa.selenium.chrome.ChromeDriver
Capabilities {acceptInsecureCerts: false, browserName: chrome, browserVersion: 77.0.3865.120, chrome: {chromedriverVersion: 77.0.3865.40 (f484704e052e0..., userDataDir: C:\Users\ADMIN\AppData\Loca...}, goog:chromeOptions: {debuggerAddress: localhost:55246}, javascriptEnabled: true, networkConnectionEnabled: false, pageLoadStrategy: normal, platform: XP, platformName: XP, proxy: Proxy(), setWindowRect: true, strictFileInteractability: false, timeouts: {implicit: 0, pageLoad: 300000, script: 30000}, unhandledPromptBehavior: dismiss and notify}
Session ID: b6c9856b2a0ff2c53fedcddf28242b97
at org.openqa.selenium.remote.http.W3CHttpResponseCodec.createException(W3CHttpResponseCodec.java:187)
at org.openqa.selenium.remote.http.W3CHttpResponseCodec.decode(W3CHttpResponseCodec.java:122)
at org.openqa.selenium.remote.http.W3CHttpResponseCodec.decode(W3CHttpResponseCodec.java:49)
at org.openqa.selenium.remote.HttpCommandExecutor.execute(HttpCommandExecutor.java:158)
at org.openqa.selenium.remote.service.DriverCommandExecutor.execute(DriverCommandExecutor.java:83)
at org.openqa.selenium.remote.RemoteWebDriver.execute(RemoteWebDriver.java:552)
at org.openqa.selenium.remote.RemoteWebElement.execute(RemoteWebElement.java:285)
at org.openqa.selenium.remote.RemoteWebElement.click(RemoteWebElement.java:84)
at com.Msite.Pages.EmployeesPage.browseEmployee_Search(EmployeesPage.java:388)
at com.Msite.Pages.EmployeesPage.employee_Open_Edit_NeworExistingEmployee(EmployeesPage.java:1174)
at com.Msite.TestScripts.EmployeesPageTest.employee_Delete_AttachmentInEmployee(EmployeesPageTest.java:1321)
... Removed 29 stack frames]]>
    </failure>
  </testcase> <!-- employee_Delete_AttachmentInEmployee -->
  <testcase name="employee_Cancel_InDeleteEmployee" time="2.636" classname="com.Msite.TestScripts.EmployeesPageTest">
    <failure type="org.openqa.selenium.ElementClickInterceptedException" message="element click intercepted: Element &amp;lt;input class=&amp;quot;checkbox-inline&amp;quot; data-val=&amp;quot;true&amp;quot; data-val-required=&amp;quot;The Include Non-Associated Employees field is required.&amp;quot; id=&amp;quot;IncludeNonAssociatedEmployees&amp;quot; name=&amp;quot;IncludeNonAssociatedEmployees&amp;quot; type=&amp;quot;checkbox&amp;quot; value=&amp;quot;true&amp;quot;&amp;gt; is not clickable at point (570, 585). Other element would receive the click: &amp;lt;span class=&amp;quot;cookiesText&amp;quot;&amp;gt;...&amp;lt;/span&amp;gt;
  (Session info: chrome=77.0.3865.120)
Build info: version: &amp;apos;3.141.59&amp;apos;, revision: &amp;apos;e82be7d358&amp;apos;, time: &amp;apos;2018-11-14T08:17:03&amp;apos;
System info: host: &amp;apos;DESKTOP-CS50U47&amp;apos;, ip: &amp;apos;192.168.0.127&amp;apos;, os.name: &amp;apos;Windows 10&amp;apos;, os.arch: &amp;apos;amd64&amp;apos;, os.version: &amp;apos;10.0&amp;apos;, java.version: &amp;apos;1.8.0_211&amp;apos;
Driver info: org.openqa.selenium.chrome.ChromeDriver
Capabilities {acceptInsecureCerts: false, browserName: chrome, browserVersion: 77.0.3865.120, chrome: {chromedriverVersion: 77.0.3865.40 (f484704e052e0..., userDataDir: C:\Users\ADMIN\AppData\Loca...}, goog:chromeOptions: {debuggerAddress: localhost:55246}, javascriptEnabled: true, networkConnectionEnabled: false, pageLoadStrategy: normal, platform: XP, platformName: XP, proxy: Proxy(), setWindowRect: true, strictFileInteractability: false, timeouts: {implicit: 0, pageLoad: 300000, script: 30000}, unhandledPromptBehavior: dismiss and notify}
Session ID: b6c9856b2a0ff2c53fedcddf28242b97">
      <![CDATA[org.openqa.selenium.ElementClickInterceptedException: element click intercepted: Element <input class="checkbox-inline" data-val="true" data-val-required="The Include Non-Associated Employees field is required." id="IncludeNonAssociatedEmployees" name="IncludeNonAssociatedEmployees" type="checkbox" value="true"> is not clickable at point (570, 585). Other element would receive the click: <span class="cookiesText">...</span>
  (Session info: chrome=77.0.3865.120)
Build info: version: '3.141.59', revision: 'e82be7d358', time: '2018-11-14T08:17:03'
System info: host: 'DESKTOP-CS50U47', ip: '192.168.0.127', os.name: 'Windows 10', os.arch: 'amd64', os.version: '10.0', java.version: '1.8.0_211'
Driver info: org.openqa.selenium.chrome.ChromeDriver
Capabilities {acceptInsecureCerts: false, browserName: chrome, browserVersion: 77.0.3865.120, chrome: {chromedriverVersion: 77.0.3865.40 (f484704e052e0..., userDataDir: C:\Users\ADMIN\AppData\Loca...}, goog:chromeOptions: {debuggerAddress: localhost:55246}, javascriptEnabled: true, networkConnectionEnabled: false, pageLoadStrategy: normal, platform: XP, platformName: XP, proxy: Proxy(), setWindowRect: true, strictFileInteractability: false, timeouts: {implicit: 0, pageLoad: 300000, script: 30000}, unhandledPromptBehavior: dismiss and notify}
Session ID: b6c9856b2a0ff2c53fedcddf28242b97
at org.openqa.selenium.remote.http.W3CHttpResponseCodec.createException(W3CHttpResponseCodec.java:187)
at org.openqa.selenium.remote.http.W3CHttpResponseCodec.decode(W3CHttpResponseCodec.java:122)
at org.openqa.selenium.remote.http.W3CHttpResponseCodec.decode(W3CHttpResponseCodec.java:49)
at org.openqa.selenium.remote.HttpCommandExecutor.execute(HttpCommandExecutor.java:158)
at org.openqa.selenium.remote.service.DriverCommandExecutor.execute(DriverCommandExecutor.java:83)
at org.openqa.selenium.remote.RemoteWebDriver.execute(RemoteWebDriver.java:552)
at org.openqa.selenium.remote.RemoteWebElement.execute(RemoteWebElement.java:285)
at org.openqa.selenium.remote.RemoteWebElement.click(RemoteWebElement.java:84)
at com.Msite.Pages.EmployeesPage.browseEmployee_Search(EmployeesPage.java:388)
at com.Msite.Pages.EmployeesPage.employee_Open_Edit_NeworExistingEmployee(EmployeesPage.java:1174)
at com.Msite.Pages.EmployeesPage.open_Employee_AndDeleteEmployee(EmployeesPage.java:1221)
at com.Msite.TestScripts.EmployeesPageTest.employee_Cancel_InDeleteEmployee(EmployeesPageTest.java:1335)
... Removed 29 stack frames]]>
    </failure>
  </testcase> <!-- employee_Cancel_InDeleteEmployee -->
  <testcase name="employee_Delete_InDeleteEmployee" time="14.625" classname="com.Msite.TestScripts.EmployeesPageTest">
    <failure type="org.openqa.selenium.ElementClickInterceptedException" message="element click intercepted: Element &amp;lt;button type=&amp;quot;button&amp;quot; class=&amp;quot;btn btn-danger inline messagedialog&amp;quot; data-message=&amp;quot;Are you sure you wish to delete  ?&amp;quot; data-title=&amp;quot;Delete&amp;quot; data-button-text=&amp;quot;Delete&amp;quot; data-post-url=&amp;quot;/Employee/Delete&amp;quot; data-post-data=&amp;quot;id=15323&amp;quot; data-redirect-url=&amp;quot;/Employee&amp;quot; data-automation-id=&amp;quot;&amp;quot;&amp;gt;...&amp;lt;/button&amp;gt; is not clickable at point (948, 596). Other element would receive the click: &amp;lt;div id=&amp;quot;cookieConsent&amp;quot;&amp;gt;...&amp;lt;/div&amp;gt;
  (Session info: chrome=77.0.3865.120)
Build info: version: &amp;apos;3.141.59&amp;apos;, revision: &amp;apos;e82be7d358&amp;apos;, time: &amp;apos;2018-11-14T08:17:03&amp;apos;
System info: host: &amp;apos;DESKTOP-CS50U47&amp;apos;, ip: &amp;apos;192.168.0.127&amp;apos;, os.name: &amp;apos;Windows 10&amp;apos;, os.arch: &amp;apos;amd64&amp;apos;, os.version: &amp;apos;10.0&amp;apos;, java.version: &amp;apos;1.8.0_211&amp;apos;
Driver info: org.openqa.selenium.chrome.ChromeDriver
Capabilities {acceptInsecureCerts: false, browserName: chrome, browserVersion: 77.0.3865.120, chrome: {chromedriverVersion: 77.0.3865.40 (f484704e052e0..., userDataDir: C:\Users\ADMIN\AppData\Loca...}, goog:chromeOptions: {debuggerAddress: localhost:55246}, javascriptEnabled: true, networkConnectionEnabled: false, pageLoadStrategy: normal, platform: XP, platformName: XP, proxy: Proxy(), setWindowRect: true, strictFileInteractability: false, timeouts: {implicit: 0, pageLoad: 300000, script: 30000}, unhandledPromptBehavior: dismiss and notify}
Session ID: b6c9856b2a0ff2c53fedcddf28242b97">
      <![CDATA[org.openqa.selenium.ElementClickInterceptedException: element click intercepted: Element <button type="button" class="btn btn-danger inline messagedialog" data-message="Are you sure you wish to delete  ?" data-title="Delete" data-button-text="Delete" data-post-url="/Employee/Delete" data-post-data="id=15323" data-redirect-url="/Employee" data-automation-id="">...</button> is not clickable at point (948, 596). Other element would receive the click: <div id="cookieConsent">...</div>
  (Session info: chrome=77.0.3865.120)
Build info: version: '3.141.59', revision: 'e82be7d358', time: '2018-11-14T08:17:03'
System info: host: 'DESKTOP-CS50U47', ip: '192.168.0.127', os.name: 'Windows 10', os.arch: 'amd64', os.version: '10.0', java.version: '1.8.0_211'
Driver info: org.openqa.selenium.chrome.ChromeDriver
Capabilities {acceptInsecureCerts: false, browserName: chrome, browserVersion: 77.0.3865.120, chrome: {chromedriverVersion: 77.0.3865.40 (f484704e052e0..., userDataDir: C:\Users\ADMIN\AppData\Loca...}, goog:chromeOptions: {debuggerAddress: localhost:55246}, javascriptEnabled: true, networkConnectionEnabled: false, pageLoadStrategy: normal, platform: XP, platformName: XP, proxy: Proxy(), setWindowRect: true, strictFileInteractability: false, timeouts: {implicit: 0, pageLoad: 300000, script: 30000}, unhandledPromptBehavior: dismiss and notify}
Session ID: b6c9856b2a0ff2c53fedcddf28242b97
at org.openqa.selenium.remote.http.W3CHttpResponseCodec.createException(W3CHttpResponseCodec.java:187)
at org.openqa.selenium.remote.http.W3CHttpResponseCodec.decode(W3CHttpResponseCodec.java:122)
at org.openqa.selenium.remote.http.W3CHttpResponseCodec.decode(W3CHttpResponseCodec.java:49)
at org.openqa.selenium.remote.HttpCommandExecutor.execute(HttpCommandExecutor.java:158)
at org.openqa.selenium.remote.service.DriverCommandExecutor.execute(DriverCommandExecutor.java:83)
at org.openqa.selenium.remote.RemoteWebDriver.execute(RemoteWebDriver.java:552)
at org.openqa.selenium.remote.RemoteWebElement.execute(RemoteWebElement.java:285)
at org.openqa.selenium.remote.RemoteWebElement.click(RemoteWebElement.java:84)
at com.Msite.Pages.EmployeesPage.open_Employee_AndDeleteEmployee(EmployeesPage.java:1243)
at com.Msite.TestScripts.EmployeesPageTest.employee_Delete_InDeleteEmployee(EmployeesPageTest.java:1348)
... Removed 29 stack frames]]>
    </failure>
  </testcase> <!-- employee_Delete_InDeleteEmployee -->
  <testcase name="employee_ViewProgress_SeachByContractor" time="0.0" classname="com.Msite.TestScripts.EmployeesPageTest">
    <ignored/>
  </testcase> <!-- employee_ViewProgress_SeachByContractor -->
  <testcase name="employee_EnabledBiometricConsentInSetting_And_CheckBiometricConsentStatusInEmployee" time="0.0" classname="com.Msite.TestScripts.EmployeesPageTest">
    <ignored/>
  </testcase> <!-- employee_EnabledBiometricConsentInSetting_And_CheckBiometricConsentStatusInEmployee -->
  <testcase name="employees_BrowseEmployee_ContractorSearch" time="0.0" classname="com.Msite.TestScripts.EmployeesPageTest">
    <ignored/>
  </testcase> <!-- employees_BrowseEmployee_ContractorSearch -->
  <testcase name="employee_OpenAndEditEmployee_DiscardInDiscardChanges" time="0.0" classname="com.Msite.TestScripts.EmployeesPageTest">
    <ignored/>
  </testcase> <!-- employee_OpenAndEditEmployee_DiscardInDiscardChanges -->
  <testcase name="employee_DisabledLockContractorInSetting_And_ViewContractorHistory" time="0.0" classname="com.Msite.TestScripts.EmployeesPageTest">
    <ignored/>
  </testcase> <!-- employee_DisabledLockContractorInSetting_And_ViewContractorHistory -->
  <testcase name="employees_ReviewEmployee_And_VerifyEachAvailableElement" time="0.0" classname="com.Msite.TestScripts.EmployeesPageTest">
    <ignored/>
  </testcase> <!-- employees_ReviewEmployee_And_VerifyEachAvailableElement -->
  <testcase name="employee_ViewProgress_UnublishTrainingCourse_And_CheckPrerequisiteTrainingColumnData" time="0.0" classname="com.Msite.TestScripts.EmployeesPageTest">
    <ignored/>
  </testcase> <!-- employee_ViewProgress_UnublishTrainingCourse_And_CheckPrerequisiteTrainingColumnData -->
  <testcase name="employee_ViewProgress_VerifySearchResultHeadings" time="0.0" classname="com.Msite.TestScripts.EmployeesPageTest">
    <ignored/>
  </testcase> <!-- employee_ViewProgress_VerifySearchResultHeadings -->
  <testcase name="employee_Open_TrainingException_InEmployeeStatusSummaryContainer" time="0.0" classname="com.Msite.TestScripts.EmployeesPageTest">
    <ignored/>
  </testcase> <!-- employee_Open_TrainingException_InEmployeeStatusSummaryContainer -->
  <testcase name="employees_Open_AddNewEmployee_Empty" time="0.0" classname="com.Msite.TestScripts.EmployeesPageTest">
    <ignored/>
  </testcase> <!-- employees_Open_AddNewEmployee_Empty -->
  <testcase name="employees_Open_AddNewEmployee_CancelInReloadDailog" time="0.0" classname="com.Msite.TestScripts.EmployeesPageTest">
    <ignored/>
  </testcase> <!-- employees_Open_AddNewEmployee_CancelInReloadDailog -->
  <testcase name="employee_ViewProgress_Yes_InCancelInductionBooking" time="0.0" classname="com.Msite.TestScripts.EmployeesPageTest">
    <ignored/>
  </testcase> <!-- employee_ViewProgress_Yes_InCancelInductionBooking -->
  <testcase name="employee_ViewProgress_ReloadWithFillingAnyDetails" time="0.0" classname="com.Msite.TestScripts.EmployeesPageTest">
    <ignored/>
  </testcase> <!-- employee_ViewProgress_ReloadWithFillingAnyDetails -->
  <testcase name="employee_OpenEmployee_And_CancelInRestrictAccess" time="0.0" classname="com.Msite.TestScripts.EmployeesPageTest">
    <ignored/>
  </testcase> <!-- employee_OpenEmployee_And_CancelInRestrictAccess -->
  <testcase name="employee_OpenEmployee_And_SaveInManagePinEntry" time="0.0" classname="com.Msite.TestScripts.EmployeesPageTest">
    <ignored/>
  </testcase> <!-- employee_OpenEmployee_And_SaveInManagePinEntry -->
  <testcase name="employee_Open_AccessAndAttendenceException_InEmployeeStatusSummaryContainer" time="0.0" classname="com.Msite.TestScripts.EmployeesPageTest">
    <ignored/>
  </testcase> <!-- employee_Open_AccessAndAttendenceException_InEmployeeStatusSummaryContainer -->
  <testcase name="employee_AddNewEmployee_Delete_NextOfKin" time="0.0" classname="com.Msite.TestScripts.EmployeesPageTest">
    <ignored/>
  </testcase> <!-- employee_AddNewEmployee_Delete_NextOfKin -->
  <testcase name="employees_BrowseEmployee_LastNameSearch" time="0.0" classname="com.Msite.TestScripts.EmployeesPageTest">
    <ignored/>
  </testcase> <!-- employees_BrowseEmployee_LastNameSearch -->
  <testcase name="employee_SearchEmployee_AndCancelInInviteEmployee" time="0.0" classname="com.Msite.TestScripts.EmployeesPageTest">
    <ignored/>
  </testcase> <!-- employee_SearchEmployee_AndCancelInInviteEmployee -->
  <testcase name="employee_OpenEmployee_And_AddManualPunchWithoutDoor" time="0.0" classname="com.Msite.TestScripts.EmployeesPageTest">
    <ignored/>
  </testcase> <!-- employee_OpenEmployee_And_AddManualPunchWithoutDoor -->
  <testcase name="employee_AddNewEmployee_Edit_ManageSiteSection" time="0.0" classname="com.Msite.TestScripts.EmployeesPageTest">
    <ignored/>
  </testcase> <!-- employee_AddNewEmployee_Edit_ManageSiteSection -->
  <testcase name="employee_ViewProgress_SeachWithoutFillingAnyDetails" time="0.0" classname="com.Msite.TestScripts.EmployeesPageTest">
    <ignored/>
  </testcase> <!-- employee_ViewProgress_SeachWithoutFillingAnyDetails -->
  <testcase name="employee_Open_InductionBookingException_InEmployeeStatusSummaryContainer" time="0.0" classname="com.Msite.TestScripts.EmployeesPageTest">
    <ignored/>
  </testcase> <!-- employee_Open_InductionBookingException_InEmployeeStatusSummaryContainer -->
  <testcase name="employees_BrowseEmployee_ByNameSearch" time="0.0" classname="com.Msite.TestScripts.EmployeesPageTest">
    <ignored/>
  </testcase> <!-- employees_BrowseEmployee_ByNameSearch -->
  <testcase name="employee_ViewProgress_SeachByFirstName" time="0.0" classname="com.Msite.TestScripts.EmployeesPageTest">
    <ignored/>
  </testcase> <!-- employee_ViewProgress_SeachByFirstName -->
  <testcase name="employee_InviteEmployee_Search_ByContractor" time="0.0" classname="com.Msite.TestScripts.EmployeesPageTest">
    <ignored/>
  </testcase> <!-- employee_InviteEmployee_Search_ByContractor -->
  <testcase name="employee_InviteNewEmployee_BulkWithoutFillingAnyDetails" time="0.0" classname="com.Msite.TestScripts.EmployeesPageTest">
    <ignored/>
  </testcase> <!-- employee_InviteNewEmployee_BulkWithoutFillingAnyDetails -->
  <testcase name="employee_OpenAndEditEmployee_CancelInDiscardChanges" time="0.0" classname="com.Msite.TestScripts.EmployeesPageTest">
    <ignored/>
  </testcase> <!-- employee_OpenAndEditEmployee_CancelInDiscardChanges -->
  <testcase name="employee_SearchEmployee_And_InviteEmployee" time="0.0" classname="com.Msite.TestScripts.EmployeesPageTest">
    <ignored/>
  </testcase> <!-- employee_SearchEmployee_And_InviteEmployee -->
  <testcase name="employee_OpenEmployee_And_CancelInManagePinEntry" time="0.0" classname="com.Msite.TestScripts.EmployeesPageTest">
    <ignored/>
  </testcase> <!-- employee_OpenEmployee_And_CancelInManagePinEntry -->
  <testcase name="employee_AddPhotoByCameraAndRetake" time="0.0" classname="com.Msite.TestScripts.EmployeesPageTest">
    <ignored/>
  </testcase> <!-- employee_AddPhotoByCameraAndRetake -->
  <testcase name="employee_AddPhotoByCamera" time="0.0" classname="com.Msite.TestScripts.EmployeesPageTest">
    <ignored/>
  </testcase> <!-- employee_AddPhotoByCamera -->
  <testcase name="employee_ViewProgress_PublishTrainingCourse_And_CheckPrerequisiteTrainingColumnData" time="0.0" classname="com.Msite.TestScripts.EmployeesPageTest">
    <ignored/>
  </testcase> <!-- employee_ViewProgress_PublishTrainingCourse_And_CheckPrerequisiteTrainingColumnData -->
  <testcase name="employee_AddNewEmployee_CancelInDelete_NextOfKin" time="0.0" classname="com.Msite.TestScripts.EmployeesPageTest">
    <ignored/>
  </testcase> <!-- employee_AddNewEmployee_CancelInDelete_NextOfKin -->
  <testcase name="employee_AddNewEmployee_NoInduction_ManageSiteSection" time="0.0" classname="com.Msite.TestScripts.EmployeesPageTest">
    <ignored/>
  </testcase> <!-- employee_AddNewEmployee_NoInduction_ManageSiteSection -->
  <testcase name="employee_ViewProgress_ChangeInviteDateAndSearch" time="0.0" classname="com.Msite.TestScripts.EmployeesPageTest">
    <ignored/>
  </testcase> <!-- employee_ViewProgress_ChangeInviteDateAndSearch -->
  <testcase name="employee_Enable_MedicalConditionInSetting_And_CheckMedicalConditionSectionVisibilityInEmployee" time="0.0" classname="com.Msite.TestScripts.EmployeesPageTest">
    <ignored/>
  </testcase> <!-- employee_Enable_MedicalConditionInSetting_And_CheckMedicalConditionSectionVisibilityInEmployee -->
  <testcase name="employee_InviteEmployee_Search_AndReload" time="0.0" classname="com.Msite.TestScripts.EmployeesPageTest">
    <ignored/>
  </testcase> <!-- employee_InviteEmployee_Search_AndReload -->
  <testcase name="employee_InviteNewEmployee_Individual" time="0.0" classname="com.Msite.TestScripts.EmployeesPageTest">
    <ignored/>
  </testcase> <!-- employee_InviteNewEmployee_Individual -->
  <testcase name="employee_EnabledLockContractorInSetting_And_ViewContractorHistory" time="0.0" classname="com.Msite.TestScripts.EmployeesPageTest">
    <ignored/>
  </testcase> <!-- employee_EnabledLockContractorInSetting_And_ViewContractorHistory -->
  <testcase name="employee_AddNewEmployee_DuplicateDialogBoxForAddingExistinEmployee" time="0.0" classname="com.Msite.TestScripts.EmployeesPageTest">
    <ignored/>
  </testcase> <!-- employee_AddNewEmployee_DuplicateDialogBoxForAddingExistinEmployee -->
  <testcase name="employee_InviteNewEmployee_InBulk" time="0.0" classname="com.Msite.TestScripts.EmployeesPageTest">
    <ignored/>
  </testcase> <!-- employee_InviteNewEmployee_InBulk -->
  <testcase name="employee_AddNewEmployee_Edit_NextOfKin" time="0.0" classname="com.Msite.TestScripts.EmployeesPageTest">
    <ignored/>
  </testcase> <!-- employee_AddNewEmployee_Edit_NextOfKin -->
  <testcase name="employee_InviteEmployee_Search_ByFirstName" time="0.0" classname="com.Msite.TestScripts.EmployeesPageTest">
    <ignored/>
  </testcase> <!-- employee_InviteEmployee_Search_ByFirstName -->
  <testcase name="employees_BrowseEmployee_BioIdSearch" time="0.0" classname="com.Msite.TestScripts.EmployeesPageTest">
    <ignored/>
  </testcase> <!-- employees_BrowseEmployee_BioIdSearch -->
  <testcase name="employee_DisabledBiometricConsentInSetting_And_CheckBiometricConsentStatusInEmployee" time="0.0" classname="com.Msite.TestScripts.EmployeesPageTest">
    <ignored/>
  </testcase> <!-- employee_DisabledBiometricConsentInSetting_And_CheckBiometricConsentStatusInEmployee -->
  <testcase name="employee_ViewProgress_ReloadWithoutFillingAnyDetails" time="0.0" classname="com.Msite.TestScripts.EmployeesPageTest">
    <ignored/>
  </testcase> <!-- employee_ViewProgress_ReloadWithoutFillingAnyDetails -->
  <testcase name="employee_Edit_MedicalConditionInEmployee" time="0.0" classname="com.Msite.TestScripts.EmployeesPageTest">
    <ignored/>
  </testcase> <!-- employee_Edit_MedicalConditionInEmployee -->
  <testcase name="employees_InviteNewEmployee_IndividualColapses" time="0.0" classname="com.Msite.TestScripts.EmployeesPageTest">
    <ignored/>
  </testcase> <!-- employees_InviteNewEmployee_IndividualColapses -->
  <testcase name="employee_InviteEmployee_Search_ByName" time="0.0" classname="com.Msite.TestScripts.EmployeesPageTest">
    <ignored/>
  </testcase> <!-- employee_InviteEmployee_Search_ByName -->
  <testcase name="employee_ViewProgress_Disabled_DataProtectionVisibilityFromSettingAndCheck" time="0.0" classname="com.Msite.TestScripts.EmployeesPageTest">
    <ignored/>
  </testcase> <!-- employee_ViewProgress_Disabled_DataProtectionVisibilityFromSettingAndCheck -->
  <testcase name="employees_Open_AddNewEmployee_ReloadInReloadDailog" time="0.0" classname="com.Msite.TestScripts.EmployeesPageTest">
    <ignored/>
  </testcase> <!-- employees_Open_AddNewEmployee_ReloadInReloadDailog -->
  <testcase name="employees_BrowseEmployee_Colapses" time="0.0" classname="com.Msite.TestScripts.EmployeesPageTest">
    <ignored/>
  </testcase> <!-- employees_BrowseEmployee_Colapses -->
  <testcase name="employee_ViewProgress_Enabled_DataProtectionVisibilityFromSettingAndCheck" time="0.0" classname="com.Msite.TestScripts.EmployeesPageTest">
    <ignored/>
  </testcase> <!-- employee_ViewProgress_Enabled_DataProtectionVisibilityFromSettingAndCheck -->
  <testcase name="employee_OpenAndEditEmployee" time="0.0" classname="com.Msite.TestScripts.EmployeesPageTest">
    <ignored/>
  </testcase> <!-- employee_OpenAndEditEmployee -->
  <testcase name="employees_Open_AddNewEmployee_And_VerifyAllElement" time="0.0" classname="com.Msite.TestScripts.EmployeesPageTest">
    <ignored/>
  </testcase> <!-- employees_Open_AddNewEmployee_And_VerifyAllElement -->
  <testcase name="employee_OpenViewProgress_And_VerifyAllElementsInViewProgress" time="0.0" classname="com.Msite.TestScripts.EmployeesPageTest">
    <ignored/>
  </testcase> <!-- employee_OpenViewProgress_And_VerifyAllElementsInViewProgress -->
  <testcase name="employee_OpenEmployee_And_ViewViewSummary" time="0.0" classname="com.Msite.TestScripts.EmployeesPageTest">
    <ignored/>
  </testcase> <!-- employee_OpenEmployee_And_ViewViewSummary -->
  <testcase name="employee_AddNewEmployee_Delete_ManageSiteSection" time="0.0" classname="com.Msite.TestScripts.EmployeesPageTest">
    <ignored/>
  </testcase> <!-- employee_AddNewEmployee_Delete_ManageSiteSection -->
  <testcase name="employee_ViewProgress_SeachByLastName" time="0.0" classname="com.Msite.TestScripts.EmployeesPageTest">
    <ignored/>
  </testcase> <!-- employee_ViewProgress_SeachByLastName -->
  <testcase name="employee_OpenInviteEmployee_And_VerifyAllElement" time="0.0" classname="com.Msite.TestScripts.EmployeesPageTest">
    <ignored/>
  </testcase> <!-- employee_OpenInviteEmployee_And_VerifyAllElement -->
  <testcase name="employee_ViewProgress_Cancel_IncancelInductionBooking" time="0.0" classname="com.Msite.TestScripts.EmployeesPageTest">
    <ignored/>
  </testcase> <!-- employee_ViewProgress_Cancel_IncancelInductionBooking -->
  <testcase name="employee_Delete_MedicalConditionInEmployee" time="0.0" classname="com.Msite.TestScripts.EmployeesPageTest">
    <ignored/>
  </testcase> <!-- employee_Delete_MedicalConditionInEmployee -->
  <testcase name="employees_BrowseEmployee_FirstNameSearch" time="0.0" classname="com.Msite.TestScripts.EmployeesPageTest">
    <ignored/>
  </testcase> <!-- employees_BrowseEmployee_FirstNameSearch -->
  <testcase name="employee_AddNewEmployee_Empty_ManageSiteSection" time="0.0" classname="com.Msite.TestScripts.EmployeesPageTest">
    <ignored/>
  </testcase> <!-- employee_AddNewEmployee_Empty_ManageSiteSection -->
  <testcase name="employee_ViewProgress_ViewInductionBooking" time="0.0" classname="com.Msite.TestScripts.EmployeesPageTest">
    <ignored/>
  </testcase> <!-- employee_ViewProgress_ViewInductionBooking -->
  <testcase name="employee_OpenEmployee_And_RemoveInFixAccessIssue" time="0.0" classname="com.Msite.TestScripts.EmployeesPageTest">
    <ignored/>
  </testcase> <!-- employee_OpenEmployee_And_RemoveInFixAccessIssue -->
  <testcase name="employees_BrowseEmployee_WithoutAnyDetailSearch" time="0.0" classname="com.Msite.TestScripts.EmployeesPageTest">
    <ignored/>
  </testcase> <!-- employees_BrowseEmployee_WithoutAnyDetailSearch -->
  <testcase name="employee_OpenInviteNewEmployee_And_VerifyAllElement" time="0.0" classname="com.Msite.TestScripts.EmployeesPageTest">
    <ignored/>
  </testcase> <!-- employee_OpenInviteNewEmployee_And_VerifyAllElement -->
  <testcase name="employees_Open_AddNewEmployee_SaveChangesButton" time="0.0" classname="com.Msite.TestScripts.EmployeesPageTest">
    <ignored/>
  </testcase> <!-- employees_Open_AddNewEmployee_SaveChangesButton -->
  <testcase name="employee_AddPhotoByUploadPhoto" time="0.0" classname="com.Msite.TestScripts.EmployeesPageTest">
    <ignored/>
  </testcase> <!-- employee_AddPhotoByUploadPhoto -->
  <testcase name="employee_OpenEmployee_And_AddInRestrictAccess" time="0.0" classname="com.Msite.TestScripts.EmployeesPageTest">
    <ignored/>
  </testcase> <!-- employee_OpenEmployee_And_AddInRestrictAccess -->
  <testcase name="employee_AddNewEmployee_CancelInDelete_ManageSiteSection" time="0.0" classname="com.Msite.TestScripts.EmployeesPageTest">
    <ignored/>
  </testcase> <!-- employee_AddNewEmployee_CancelInDelete_ManageSiteSection -->
  <testcase name="employees_OpenEmployees" time="0.0" classname="com.Msite.TestScripts.EmployeesPageTest">
    <ignored/>
  </testcase> <!-- employees_OpenEmployees -->
  <testcase name="employee_OpenEmployee_And_AddInAddIncident" time="0.0" classname="com.Msite.TestScripts.EmployeesPageTest">
    <ignored/>
  </testcase> <!-- employee_OpenEmployee_And_AddInAddIncident -->
  <testcase name="employee_OpenEmployee_And_CancelInAddIncident" time="0.0" classname="com.Msite.TestScripts.EmployeesPageTest">
    <ignored/>
  </testcase> <!-- employee_OpenEmployee_And_CancelInAddIncident -->
  <testcase name="employee_Open_Emplyoee_InEmployeeStatusSummaryContainer" time="0.0" classname="com.Msite.TestScripts.EmployeesPageTest">
    <ignored/>
  </testcase> <!-- employee_Open_Emplyoee_InEmployeeStatusSummaryContainer -->
  <testcase name="employees_BrowseEmployee_FillAnyDetail_Relaod" time="0.0" classname="com.Msite.TestScripts.EmployeesPageTest">
    <ignored/>
  </testcase> <!-- employees_BrowseEmployee_FillAnyDetail_Relaod -->
  <testcase name="employee_InviteNewEmployee_IndividualWithoutFillingAnyDetails" time="0.0" classname="com.Msite.TestScripts.EmployeesPageTest">
    <ignored/>
  </testcase> <!-- employee_InviteNewEmployee_IndividualWithoutFillingAnyDetails -->
  <testcase name="employee_InviteEmployee_Search_ByLastName" time="0.0" classname="com.Msite.TestScripts.EmployeesPageTest">
    <ignored/>
  </testcase> <!-- employee_InviteEmployee_Search_ByLastName -->
  <testcase name="employee_AddNewEmployee_Inducted_ManageSiteSection" time="0.0" classname="com.Msite.TestScripts.EmployeesPageTest">
    <ignored/>
  </testcase> <!-- employee_AddNewEmployee_Inducted_ManageSiteSection -->
  <testcase name="employee_Open_IDCheckException_InEmployeeStatusSummaryContainer" time="0.0" classname="com.Msite.TestScripts.EmployeesPageTest">
    <ignored/>
  </testcase> <!-- employee_Open_IDCheckException_InEmployeeStatusSummaryContainer -->
  <testcase name="employees_BrowseEmployee_ContentCheck" time="0.0" classname="com.Msite.TestScripts.EmployeesPageTest">
    <ignored/>
  </testcase> <!-- employees_BrowseEmployee_ContentCheck -->
  <testcase name="employee_Disable_MedicalConditionInSetting_And_CheckMedicalConditionSectionVisibilityInEmployee" time="0.0" classname="com.Msite.TestScripts.EmployeesPageTest">
    <ignored/>
  </testcase> <!-- employee_Disable_MedicalConditionInSetting_And_CheckMedicalConditionSectionVisibilityInEmployee -->
  <testcase name="employee_AddNewEmployee_InAddNewemployee" time="0.0" classname="com.Msite.TestScripts.EmployeesPageTest">
    <ignored/>
  </testcase> <!-- employee_AddNewEmployee_InAddNewemployee -->
  <testcase name="employee_OpenEmployee_And_CheckAccessRestrictionHistory" time="0.0" classname="com.Msite.TestScripts.EmployeesPageTest">
    <ignored/>
  </testcase> <!-- employee_OpenEmployee_And_CheckAccessRestrictionHistory -->
  <testcase name="employee_ViewProgress_SeachByName" time="0.0" classname="com.Msite.TestScripts.EmployeesPageTest">
    <ignored/>
  </testcase> <!-- employee_ViewProgress_SeachByName -->
  <testcase name="employee_Open_AccreditationException_InEmployeeStatusSummaryContainer" time="0.0" classname="com.Msite.TestScripts.EmployeesPageTest">
    <ignored/>
  </testcase> <!-- employee_Open_AccreditationException_InEmployeeStatusSummaryContainer -->
  <testcase name="employees_InviteNewEmployee_BulkColapses" time="0.0" classname="com.Msite.TestScripts.EmployeesPageTest">
    <ignored/>
  </testcase> <!-- employees_InviteNewEmployee_BulkColapses -->
  <testcase name="employee_OpenEmployee_And_CancelInFixAccessIssue" time="0.0" classname="com.Msite.TestScripts.EmployeesPageTest">
    <ignored/>
  </testcase> <!-- employee_OpenEmployee_And_CancelInFixAccessIssue -->
</testsuite> <!-- EmployeesPageTest(failed) -->
