<?xml version="1.0" encoding="UTF-8"?>
<!-- Generated by org.testng.reporters.JUnitReportReporter -->
<testsuite skipped="0" hostname="DESKTOP-CS50U47" name="com.Msite.TestScripts.TrainingOnlinePageTest" tests="57" failures="0" timestamp="12 Nov 2019 11:31:28 GMT" time="1295.811" errors="1">
  <testcase name="training_OpenOnlineTrainingFromDropDown_And_VerifyTilte" time="17.213" classname="com.Msite.TestScripts.TrainingOnlinePageTest"/>
  <testcase name="onlineTraining_OpenDashboard_And_VerifyAllElementInDashboard" time="5.271" classname="com.Msite.TestScripts.TrainingOnlinePageTest"/>
  <testcase name="onlineTraining_OpenDashboard_And_NavigateToTrainingAnalytics_FromDashboard" time="8.502" classname="com.Msite.TestScripts.TrainingOnlinePageTest"/>
  <testcase name="onlineTraining_OpenDashboard_And_NavigateToBrowseCourse_FromDashboard" time="8.597" classname="com.Msite.TestScripts.TrainingOnlinePageTest"/>
  <testcase name="onlineTraining_OpenDashboard_And_NavigateToAddANewCourse_FromDashboard" time="10.854" classname="com.Msite.TestScripts.TrainingOnlinePageTest"/>
  <testcase name="onlineTraining_OpenTrainingAnalytics_And_VerifyTitle" time="8.714" classname="com.Msite.TestScripts.TrainingOnlinePageTest"/>
  <testcase name="onlineTraining_OpenTrainingAnalytics_And_VerifyAllElement" time="9.290" classname="com.Msite.TestScripts.TrainingOnlinePageTest"/>
  <testcase name="onlineTraining_OpenTrainingAnalytics_And_ViewReports" time="16.254" classname="com.Msite.TestScripts.TrainingOnlinePageTest"/>
  <testcase name="onlineTraining_OpenTrainingAnalytics_And_InviteTable_ChangeByContractor" time="12.305" classname="com.Msite.TestScripts.TrainingOnlinePageTest"/>
  <testcase name="onlineTraining_OpenAddANewOnlineCoures_And_VerifyTitle" time="8.242" classname="com.Msite.TestScripts.TrainingOnlinePageTest"/>
  <testcase name="onlineTraining_OpenAddANewOnlineCoures_And_VerifyAllElement" time="11.905" classname="com.Msite.TestScripts.TrainingOnlinePageTest"/>
  <testcase name="onlineTraining_AddANewOnlineCoures_AddEmptyCourse_NotAdded" time="8.398" classname="com.Msite.TestScripts.TrainingOnlinePageTest"/>
  <testcase name="onlineTraining_AddANewOnlineCoures_CheckCreateButtonEnability_InAddANewOnlineCourse" time="10.081" classname="com.Msite.TestScripts.TrainingOnlinePageTest"/>
  <testcase name="onlineTraining_AddANewOnlineCoures_CheckInvalidValidityPeriodDays" time="13.618" classname="com.Msite.TestScripts.TrainingOnlinePageTest"/>
  <testcase name="onlineTraining_AddANewOnlineCoures_CancelIn_DiscardChangesWithData" time="13.729" classname="com.Msite.TestScripts.TrainingOnlinePageTest"/>
  <testcase name="onlineTraining_AddANewOnlineCoures_DiscardIn_DiscardChangesWithData" time="17.299" classname="com.Msite.TestScripts.TrainingOnlinePageTest"/>
  <testcase name="onlineTraining_AddANewOnlineCoures_CheckInvalidMinimumPassScore" time="13.271" classname="com.Msite.TestScripts.TrainingOnlinePageTest"/>
  <testcase name="onlineTraining_AddANewOnlineCoures_OpenAddQuestion_AndVerifyAllElement" time="12.794" classname="com.Msite.TestScripts.TrainingOnlinePageTest"/>
  <testcase name="onlineTraining_AddANewOnlineCoures_AddQuestion_UnableToSelectBlankAnswer" time="12.518" classname="com.Msite.TestScripts.TrainingOnlinePageTest"/>
  <testcase name="onlineTraining_AddANewOnlineCoures_AddQuestion_OnlyOneAnswerSelected" time="12.920" classname="com.Msite.TestScripts.TrainingOnlinePageTest"/>
  <testcase name="onlineTraining_AddANewOnlineCoures_AddQuestion_Cancel_NotAdded" time="20.362" classname="com.Msite.TestScripts.TrainingOnlinePageTest"/>
  <testcase name="onlineTraining_AddANewOnlineCoures_AddQuestion_Added" time="22.468" classname="com.Msite.TestScripts.TrainingOnlinePageTest"/>
  <testcase name="onlineTraining_AddANewOnlineCoures_EditAddQuestion_Cancel_NotAdded" time="23.467" classname="com.Msite.TestScripts.TrainingOnlinePageTest"/>
  <testcase name="onlineTraining_AddANewOnlineCoures_EditAddQuestion_Added" time="31.283" classname="com.Msite.TestScripts.TrainingOnlinePageTest"/>
  <testcase name="onlineTraining_AddANewOnlineCoures_DeleteAddQuestion_Cancel_NotDelete" time="25.112" classname="com.Msite.TestScripts.TrainingOnlinePageTest"/>
  <testcase name="onlineTraining_AddANewOnlineCoures_DeleteAddQuestion_Deleted" time="26.096" classname="com.Msite.TestScripts.TrainingOnlinePageTest"/>
  <testcase name="onlineTraining_AddANewOnlineCoures_OpenAddSection_AndVerifyAllElement" time="12.573" classname="com.Msite.TestScripts.TrainingOnlinePageTest"/>
  <testcase name="onlineTraining_AddANewOnlineCoures_Content_AddEmptySection_NotAdded" time="13.648" classname="com.Msite.TestScripts.TrainingOnlinePageTest"/>
  <testcase name="onlineTraining_AddANewOnlineCoures_AddSection_Cancel_NotAdded" time="27.274" classname="com.Msite.TestScripts.TrainingOnlinePageTest"/>
  <testcase name="onlineTraining_AddANewOnlineCoures_AddSection_Added" time="27.030" classname="com.Msite.TestScripts.TrainingOnlinePageTest"/>
  <testcase name="onlineTraining_AddANewOnlineCoures_EditAddSection_Cancel_NotAdded" time="31.465" classname="com.Msite.TestScripts.TrainingOnlinePageTest"/>
  <testcase name="onlineTraining_AddANewOnlineCoures_EditAddSection_Added" time="39.197" classname="com.Msite.TestScripts.TrainingOnlinePageTest"/>
  <testcase name="onlineTraining_AddANewOnlineCoures_DeleteAddSection_Cancel_NotDelete" time="30.821" classname="com.Msite.TestScripts.TrainingOnlinePageTest"/>
  <testcase name="onlineTraining_AddANewOnlineCoures_DeleteAddSection_Deleted" time="32.283" classname="com.Msite.TestScripts.TrainingOnlinePageTest"/>
  <testcase name="onlineTraining_AddANewOnlineCoures_NoContent_UnableToPublish" time="10.023" classname="com.Msite.TestScripts.TrainingOnlinePageTest"/>
  <testcase name="onlineTraining_AddANewOnlineCoures_Content_EnableToPublish" time="20.672" classname="com.Msite.TestScripts.TrainingOnlinePageTest"/>
  <testcase name="onlineTraining_AddANewOnlineCoures_Cancel_NotAdded" time="61.158" classname="com.Msite.TestScripts.TrainingOnlinePageTest"/>
  <testcase name="onlineTraining_AddANewOnlineCoures_Create_Added" time="67.102" classname="com.Msite.TestScripts.TrainingOnlinePageTest"/>
  <testcase name="onlineTraining_OpenBrowseCourse_And_VerifyTitle" time="11.679" classname="com.Msite.TestScripts.TrainingOnlinePageTest"/>
  <testcase name="onlineTraining_OpenBrowseCourse_And_VerifyAllElementAvailable" time="9.698" classname="com.Msite.TestScripts.TrainingOnlinePageTest"/>
  <testcase name="onlineTraining_BrowseCourse_And_NaviagteToAddANewCourseFromBrowseCourseDashboard" time="12.333" classname="com.Msite.TestScripts.TrainingOnlinePageTest"/>
  <testcase name="onlineTraining_BrowseCourse_And_CheckAvailableCourses" time="8.716" classname="com.Msite.TestScripts.TrainingOnlinePageTest"/>
  <testcase name="onlineTraining_BrowseCourse_CrossCheckCourseStatistics_From_CourseTable" time="9.866" classname="com.Msite.TestScripts.TrainingOnlinePageTest"/>
  <testcase name="onlineTraining_ViewCourse_And_VerifyDataWith_BrowseCourse" time="17.580" classname="com.Msite.TestScripts.TrainingOnlinePageTest"/>
  <testcase name="onlineTraining_Cancel_In_DiscardChanges_EditOrViewCourse" time="17.155" classname="com.Msite.TestScripts.TrainingOnlinePageTest"/>
  <testcase name="onlineTraining_Discard_In_DiscardChanges_EditOrViewCourse" time="20.308" classname="com.Msite.TestScripts.TrainingOnlinePageTest"/>
  <testcase name="onlineTraining_EditCourse" time="34.028" classname="com.Msite.TestScripts.TrainingOnlinePageTest"/>
  <testcase name="onlineTraining_Cancel_InCloneCourse" time="17.597" classname="com.Msite.TestScripts.TrainingOnlinePageTest"/>
  <testcase name="onlineTraining_Clone_InCloneCourse_And_VerifyWithOriginalOne" time="29.153" classname="com.Msite.TestScripts.TrainingOnlinePageTest"/>
  <testcase name="onlineTraining_Cancel_InSaveAndPreviewCourse" time="32.021" classname="com.Msite.TestScripts.TrainingOnlinePageTest"/>
  <testcase name="onlineTraining_Save_And_Preview_InSaveAndPreviewCourse_Close_Preview" time="29.373" classname="com.Msite.TestScripts.TrainingOnlinePageTest"/>
  <testcase name="onlineTraining_Save_And_Preview_Course_PassedCourse" time="61.262" classname="com.Msite.TestScripts.TrainingOnlinePageTest"/>
  <testcase name="onlineTraining_SaveAndPreviewCourse_FailedCourse_NoTryAgain" time="54.159" classname="com.Msite.TestScripts.TrainingOnlinePageTest"/>
  <testcase name="onlineTraining_SaveAndPreviewCourse_FailedCourse_TryAgain" time="68.996" classname="com.Msite.TestScripts.TrainingOnlinePageTest"/>
  <testcase name="onlineTraining_SaveAndPreviewCourse_PassedCourse_CheckCreteria" time="54.717" classname="com.Msite.TestScripts.TrainingOnlinePageTest"/>
  <testcase name="onlineTraining_Cancel_InDeleteCourse" time="17.452" classname="com.Msite.TestScripts.TrainingOnlinePageTest"/>
  <testcase name="onlineTraining_Delete_InDeleteCourse" time="35.909" classname="com.Msite.TestScripts.TrainingOnlinePageTest">
    <error type="org.openqa.selenium.NoSuchElementException" message="no such element: Unable to locate element: {&quot;method&quot;:&quot;xpath&quot;,&quot;selector&quot;:&quot;//button[@class=&#039;btn btn-primary&#039;]&quot;}
  (Session info: chrome=78.0.3904.97)
For documentation on this error, please visit: https://www.seleniumhq.org/exceptions/no_such_element.html
Build info: version: &#039;3.141.59&#039;, revision: &#039;e82be7d358&#039;, time: &#039;2018-11-14T08:17:03&#039;
System info: host: &#039;DESKTOP-CS50U47&#039;, ip: &#039;192.168.0.127&#039;, os.name: &#039;Windows 10&#039;, os.arch: &#039;amd64&#039;, os.version: &#039;10.0&#039;, java.version: &#039;1.8.0_211&#039;
Driver info: org.openqa.selenium.chrome.ChromeDriver
Capabilities {acceptInsecureCerts: false, browserName: chrome, browserVersion: 78.0.3904.97, chrome: {chromedriverVersion: 77.0.3865.40 (f484704e052e0..., userDataDir: C:\Users\ADMIN\AppData\Loca...}, goog:chromeOptions: {debuggerAddress: localhost:62868}, javascriptEnabled: true, networkConnectionEnabled: false, pageLoadStrategy: normal, platform: XP, platformName: XP, proxy: Proxy(), setWindowRect: true, strictFileInteractability: false, timeouts: {implicit: 0, pageLoad: 300000, script: 30000}, unhandledPromptBehavior: dismiss and notify}
Session ID: a77eb7510366c8fcfcb4bad2ff359707
*** Element info: {Using=xpath, value=//button[@class=&#039;btn btn-primary&#039;]}">
      <![CDATA[org.openqa.selenium.NoSuchElementException: no such element: Unable to locate element: {"method":"xpath","selector":"//button[@class='btn btn-primary']"}
  (Session info: chrome=78.0.3904.97)
For documentation on this error, please visit: https://www.seleniumhq.org/exceptions/no_such_element.html
Build info: version: '3.141.59', revision: 'e82be7d358', time: '2018-11-14T08:17:03'
System info: host: 'DESKTOP-CS50U47', ip: '192.168.0.127', os.name: 'Windows 10', os.arch: 'amd64', os.version: '10.0', java.version: '1.8.0_211'
Driver info: org.openqa.selenium.chrome.ChromeDriver
Capabilities {acceptInsecureCerts: false, browserName: chrome, browserVersion: 78.0.3904.97, chrome: {chromedriverVersion: 77.0.3865.40 (f484704e052e0..., userDataDir: C:\Users\ADMIN\AppData\Loca...}, goog:chromeOptions: {debuggerAddress: localhost:62868}, javascriptEnabled: true, networkConnectionEnabled: false, pageLoadStrategy: normal, platform: XP, platformName: XP, proxy: Proxy(), setWindowRect: true, strictFileInteractability: false, timeouts: {implicit: 0, pageLoad: 300000, script: 30000}, unhandledPromptBehavior: dismiss and notify}
Session ID: a77eb7510366c8fcfcb4bad2ff359707
*** Element info: {Using=xpath, value=//button[@class='btn btn-primary']}
at sun.reflect.GeneratedConstructorAccessor17.newInstance(Unknown Source)
at sun.reflect.DelegatingConstructorAccessorImpl.newInstance(DelegatingConstructorAccessorImpl.java:45)
at java.lang.reflect.Constructor.newInstance(Constructor.java:423)
at org.openqa.selenium.remote.http.W3CHttpResponseCodec.createException(W3CHttpResponseCodec.java:187)
at org.openqa.selenium.remote.http.W3CHttpResponseCodec.decode(W3CHttpResponseCodec.java:122)
at org.openqa.selenium.remote.http.W3CHttpResponseCodec.decode(W3CHttpResponseCodec.java:49)
at org.openqa.selenium.remote.HttpCommandExecutor.execute(HttpCommandExecutor.java:158)
at org.openqa.selenium.remote.service.DriverCommandExecutor.execute(DriverCommandExecutor.java:83)
at org.openqa.selenium.remote.RemoteWebDriver.execute(RemoteWebDriver.java:552)
at org.openqa.selenium.remote.RemoteWebDriver.findElement(RemoteWebDriver.java:323)
at org.openqa.selenium.remote.RemoteWebDriver.findElementByXPath(RemoteWebDriver.java:428)
at org.openqa.selenium.By$ByXPath.findElement(By.java:353)
at org.openqa.selenium.remote.RemoteWebDriver.findElement(RemoteWebDriver.java:315)
at com.Msite.TestScripts.BaseClass.isElementPresentByXpath(BaseClass.java:163)
at com.Msite.TestScripts.BaseClass.FindElement(BaseClass.java:196)
at com.Msite.Pages.TrainingOnlinePage.onlineTraining_DeleteCourse(TrainingOnlinePage.java:1192)
at com.Msite.TestScripts.TrainingOnlinePageTest.onlineTraining_Delete_InDeleteCourse(TrainingOnlinePageTest.java:792)
at sun.reflect.NativeMethodAccessorImpl.invoke0(Native Method)
at sun.reflect.NativeMethodAccessorImpl.invoke(NativeMethodAccessorImpl.java:62)
at sun.reflect.DelegatingMethodAccessorImpl.invoke(DelegatingMethodAccessorImpl.java:43)
at java.lang.reflect.Method.invoke(Method.java:498)
at org.testng.internal.MethodInvocationHelper.invokeMethod(MethodInvocationHelper.java:124)
at org.testng.internal.Invoker.invokeMethod(Invoker.java:583)
at org.testng.internal.Invoker.invokeTestMethod(Invoker.java:719)
at org.testng.internal.Invoker.invokeTestMethods(Invoker.java:989)
at org.testng.internal.TestMethodWorker.invokeTestMethods(TestMethodWorker.java:125)
at org.testng.internal.TestMethodWorker.run(TestMethodWorker.java:109)
at org.testng.TestRunner.privateRun(TestRunner.java:648)
at org.testng.TestRunner.run(TestRunner.java:505)
at org.testng.SuiteRunner.runTest(SuiteRunner.java:455)
at org.testng.SuiteRunner.runSequentially(SuiteRunner.java:450)
at org.testng.SuiteRunner.privateRun(SuiteRunner.java:415)
at org.testng.SuiteRunner.run(SuiteRunner.java:364)
at org.testng.SuiteRunnerWorker.runSuite(SuiteRunnerWorker.java:52)
at org.testng.SuiteRunnerWorker.run(SuiteRunnerWorker.java:84)
at org.testng.TestNG.runSuitesSequentially(TestNG.java:1208)
at org.testng.TestNG.runSuitesLocally(TestNG.java:1137)
at org.testng.TestNG.runSuites(TestNG.java:1049)
at org.testng.TestNG.run(TestNG.java:1017)
at org.testng.remote.AbstractRemoteTestNG.run(AbstractRemoteTestNG.java:115)
at org.testng.remote.RemoteTestNG.initAndRun(RemoteTestNG.java:251)
at org.testng.remote.RemoteTestNG.main(RemoteTestNG.java:77)
]]>
    </error>
  </testcase> <!-- onlineTraining_Delete_InDeleteCourse -->
</testsuite> <!-- com.Msite.TestScripts.TrainingOnlinePageTest -->
