<?xml version="1.0" encoding="UTF-8"?>
<!-- Generated by org.testng.reporters.JUnitReportReporter -->
<testsuite skipped="3" hostname="DESKTOP-CS50U47" name="com.Msite.TestScripts.LoginPageTest" tests="9" failures="1" timestamp="12 Nov 2019 11:31:28 GMT" time="55.168" errors="0">
  <testcase name="openLoginPage_And_VerifyAllAvailableElement" time="3.340" classname="com.Msite.TestScripts.LoginPageTest"/>
  <testcase name="emptyUsernameAndPassword" time="0.354" classname="com.Msite.TestScripts.LoginPageTest"/>
  <testcase name="invalidUsernameAndInvalidPassword" time="5.190" classname="com.Msite.TestScripts.LoginPageTest"/>
  <testcase name="invalidUsernameAndValidPassword" time="4.328" classname="com.Msite.TestScripts.LoginPageTest"/>
  <testcase name="successfullLoginTest" time="33.729" classname="com.Msite.TestScripts.LoginPageTest"/>
  <testcase name="validUsernameAndInvalidPassword" time="8.227" classname="com.Msite.TestScripts.LoginPageTest">
    <failure type="java.lang.AssertionError" message="Failed Login Message is missing in page expected [true] but found [false]">
      <![CDATA[java.lang.AssertionError: Failed Login Message is missing in page expected [true] but found [false]
at org.testng.Assert.fail(Assert.java:96)
at org.testng.Assert.failNotEquals(Assert.java:776)
at org.testng.Assert.assertTrue(Assert.java:44)
at com.Msite.Pages.MsiteLoginPage.verifyLogin(MsiteLoginPage.java:172)
at com.Msite.TestScripts.LoginPageTest.validUsernameAndInvalidPassword(LoginPageTest.java:161)
at sun.reflect.NativeMethodAccessorImpl.invoke0(Native Method)
at sun.reflect.NativeMethodAccessorImpl.invoke(NativeMethodAccessorImpl.java:62)
at sun.reflect.DelegatingMethodAccessorImpl.invoke(DelegatingMethodAccessorImpl.java:43)
at java.lang.reflect.Method.invoke(Method.java:498)
at org.testng.internal.MethodInvocationHelper.invokeMethod(MethodInvocationHelper.java:124)
at org.testng.internal.Invoker.invokeMethod(Invoker.java:583)
at org.testng.internal.Invoker.invokeTestMethod(Invoker.java:719)
at org.testng.internal.Invoker.invokeTestMethods(Invoker.java:989)
at org.testng.internal.TestMethodWorker.invokeTestMethods(TestMethodWorker.java:125)
at org.testng.internal.TestMethodWorker.run(TestMethodWorker.java:109)
at org.testng.TestRunner.privateRun(TestRunner.java:648)
at org.testng.TestRunner.run(TestRunner.java:505)
at org.testng.SuiteRunner.runTest(SuiteRunner.java:455)
at org.testng.SuiteRunner.runSequentially(SuiteRunner.java:450)
at org.testng.SuiteRunner.privateRun(SuiteRunner.java:415)
at org.testng.SuiteRunner.run(SuiteRunner.java:364)
at org.testng.SuiteRunnerWorker.runSuite(SuiteRunnerWorker.java:52)
at org.testng.SuiteRunnerWorker.run(SuiteRunnerWorker.java:84)
at org.testng.TestNG.runSuitesSequentially(TestNG.java:1208)
at org.testng.TestNG.runSuitesLocally(TestNG.java:1137)
at org.testng.TestNG.runSuites(TestNG.java:1049)
at org.testng.TestNG.run(TestNG.java:1017)
at org.testng.remote.AbstractRemoteTestNG.run(AbstractRemoteTestNG.java:115)
at org.testng.remote.RemoteTestNG.initAndRun(RemoteTestNG.java:251)
at org.testng.remote.RemoteTestNG.main(RemoteTestNG.java:77)
]]>
    </failure>
  </testcase> <!-- validUsernameAndInvalidPassword -->
  <testcase name="login_InactivityLogout_ForContractorUser" classname="com.Msite.TestScripts.LoginPageTest">
    <skipped/>
  </testcase> <!-- login_InactivityLogout_ForContractorUser -->
  <testcase name="login_InactivityLogout_ForSiteUser" classname="com.Msite.TestScripts.LoginPageTest">
    <skipped/>
  </testcase> <!-- login_InactivityLogout_ForSiteUser -->
  <testcase name="login_InactivityLogout_ForHRSUser" classname="com.Msite.TestScripts.LoginPageTest">
    <skipped/>
  </testcase> <!-- login_InactivityLogout_ForHRSUser -->
</testsuite> <!-- com.Msite.TestScripts.LoginPageTest -->
